<?xml version="1.0" encoding="UTF-8"?>
<!-- Generated by org.testng.reporters.JUnitReportReporter -->
<testsuite skipped="0" hostname="WKWIN4345465" name="demo.TestCase1" tests="1" failures="0" timestamp="2020-04-15T23:42:48 IST" time="3.320" errors="0">
  <testcase name="testcase1" time="3.320" classname="demo.TestCase1"/>
  <system-out/>
</testsuite> <!-- demo.TestCase1 -->
